{
  "stats": {
    "suites": 1,
    "tests": 1,
    "passes": 1,
    "pending": 0,
    "failures": 0,
    "start": "2022-11-28T15:56:42.413Z",
    "end": "2022-11-28T15:57:08.228Z",
    "duration": 25815,
    "testsRegistered": 1,
    "passPercent": 100,
    "pendingPercent": 0,
    "other": 0,
    "hasOther": false,
    "skipped": 0,
    "hasSkipped": false
  },
  "results": [
    {
      "uuid": "3ab12578-cd8d-40fc-af3f-3b9222ec0a2b",
      "title": "",
      "fullFile": "cypress\\e2e\\1-Automation_Exercise\\test08_verifyAllProducts.cy.js",
      "file": "cypress\\e2e\\1-Automation_Exercise\\test08_verifyAllProducts.cy.js",
      "beforeHooks": [],
      "afterHooks": [],
      "tests": [],
      "suites": [
        {
          "uuid": "ce2b73b9-1454-4717-b746-fb9adb8aea2e",
          "title": "Verify All Products",
          "fullFile": "",
          "file": "",
          "beforeHooks": [],
          "afterHooks": [],
          "tests": [
            {
              "title": "verify all products",
              "fullTitle": "Verify All Products verify all products",
              "timedOut": null,
              "duration": 20066,
              "state": "passed",
              "speed": "slow",
              "pass": true,
              "fail": false,
              "pending": false,
              "context": null,
              "code": "cy.anasayfa();\ncy.homePageİsVisible();\ncy.contains('Products').click();\ncy.get('.title').should('be.visible');\ncy.get(':nth-child(3) > .product-image-wrapper > .single-products > .productinfo').trigger('mouseover');\ncy.contains('View Product').click();\ncy.get('.product-information > h2').should('be.visible');\ncy.get('.product-information > :nth-child(3)').should('be.visible');\ncy.get(':nth-child(5) > span').should('be.visible');\ncy.get('.product-information > :nth-child(6)').should('be.visible');\ncy.get('.product-information > :nth-child(7)').should('be.visible');\ncy.get('.product-information > :nth-child(8)').should('be.visible');",
              "err": {},
              "uuid": "c9712f77-7ea3-4fef-b1ec-cbfbad5df750",
              "parentUUID": "ce2b73b9-1454-4717-b746-fb9adb8aea2e",
              "isHook": false,
              "skipped": false
            }
          ],
          "suites": [],
          "passes": [
            "c9712f77-7ea3-4fef-b1ec-cbfbad5df750"
          ],
          "failures": [],
          "pending": [],
          "skipped": [],
          "duration": 20066,
          "root": false,
          "rootEmpty": false,
          "_timeout": 2000
        }
      ],
      "passes": [],
      "failures": [],
      "pending": [],
      "skipped": [],
      "duration": 0,
      "root": true,
      "rootEmpty": true,
      "_timeout": 2000
    }
  ],
  "meta": {
    "mocha": {
      "version": "7.0.1"
    },
    "mochawesome": {
      "options": {
        "quiet": false,
        "reportFilename": "report",
        "saveHtml": true,
        "saveJson": true,
        "consoleReporter": "spec",
        "useInlineDiffs": false,
        "code": true
      },
      "version": "7.1.3"
    },
    "marge": {
      "options": {
        "reportDir": "cypress/reports",
        "reportFilename": "report",
        "overwrite": false,
        "html": true,
        "json": true,
        "charts": true
      },
      "version": "6.2.0"
    }
  }
}