{
  "stats": {
    "suites": 1,
    "tests": 1,
    "passes": 1,
    "pending": 0,
    "failures": 0,
    "start": "2022-11-28T15:59:02.354Z",
    "end": "2022-11-28T15:59:21.693Z",
    "duration": 19339,
    "testsRegistered": 1,
    "passPercent": 100,
    "pendingPercent": 0,
    "other": 0,
    "hasOther": false,
    "skipped": 0,
    "hasSkipped": false
  },
  "results": [
    {
      "uuid": "31ef889f-c5cc-4a90-b4c3-cd87d6f08ac5",
      "title": "",
      "fullFile": "cypress\\e2e\\1-Automation_Exercise\\test13_verifyProductQuantityCart.cy.js",
      "file": "cypress\\e2e\\1-Automation_Exercise\\test13_verifyProductQuantityCart.cy.js",
      "beforeHooks": [],
      "afterHooks": [],
      "tests": [],
      "suites": [
        {
          "uuid": "42685b8f-588a-4ead-87df-f9c6be69bec3",
          "title": "Verify Product Quantity in Cart",
          "fullFile": "",
          "file": "",
          "beforeHooks": [],
          "afterHooks": [],
          "tests": [
            {
              "title": "verify product quantity in cart",
              "fullTitle": "Verify Product Quantity in Cart verify product quantity in cart",
              "timedOut": null,
              "duration": 13889,
              "state": "passed",
              "speed": "slow",
              "pass": true,
              "fail": false,
              "pending": false,
              "context": null,
              "code": "cy.anasayfa();\ncy.homePageİsVisible();\ncy.contains('View Product').click();\ncy.get('#quantity').clear().type('4');\ncy.get(':nth-child(5) > .btn').click();\ncy.get('u').click();\ncy.get('.disabled').should('include.text', '4');",
              "err": {},
              "uuid": "abd8e8b3-8585-4b5c-ad36-278b93d62628",
              "parentUUID": "42685b8f-588a-4ead-87df-f9c6be69bec3",
              "isHook": false,
              "skipped": false
            }
          ],
          "suites": [],
          "passes": [
            "abd8e8b3-8585-4b5c-ad36-278b93d62628"
          ],
          "failures": [],
          "pending": [],
          "skipped": [],
          "duration": 13889,
          "root": false,
          "rootEmpty": false,
          "_timeout": 2000
        }
      ],
      "passes": [],
      "failures": [],
      "pending": [],
      "skipped": [],
      "duration": 0,
      "root": true,
      "rootEmpty": true,
      "_timeout": 2000
    }
  ],
  "meta": {
    "mocha": {
      "version": "7.0.1"
    },
    "mochawesome": {
      "options": {
        "quiet": false,
        "reportFilename": "report",
        "saveHtml": true,
        "saveJson": true,
        "consoleReporter": "spec",
        "useInlineDiffs": false,
        "code": true
      },
      "version": "7.1.3"
    },
    "marge": {
      "options": {
        "reportDir": "cypress/reports",
        "reportFilename": "report",
        "overwrite": false,
        "html": true,
        "json": true,
        "charts": true
      },
      "version": "6.2.0"
    }
  }
}