{
  "stats": {
    "suites": 1,
    "tests": 1,
    "passes": 1,
    "pending": 0,
    "failures": 0,
    "start": "2022-11-28T16:07:18.261Z",
    "end": "2022-11-28T16:07:35.321Z",
    "duration": 17060,
    "testsRegistered": 1,
    "passPercent": 100,
    "pendingPercent": 0,
    "other": 0,
    "hasOther": false,
    "skipped": 0,
    "hasSkipped": false
  },
  "results": [
    {
      "uuid": "4a99f70f-0e86-4ae3-8dd0-4a6737d9d6d8",
      "title": "",
      "fullFile": "cypress\\e2e\\1-Automation_Exercise\\test26_verifyScroll2.cy.js",
      "file": "cypress\\e2e\\1-Automation_Exercise\\test26_verifyScroll2.cy.js",
      "beforeHooks": [],
      "afterHooks": [],
      "tests": [],
      "suites": [
        {
          "uuid": "81b12f7b-54cd-4f59-b841-05136f78322c",
          "title": "Verify Scroll Up without Arrow button and Scroll Down functionality",
          "fullFile": "",
          "file": "",
          "beforeHooks": [],
          "afterHooks": [],
          "tests": [
            {
              "title": "verify Scroll Up without Arrow button and Scroll Down functionality",
              "fullTitle": "Verify Scroll Up without Arrow button and Scroll Down functionality verify Scroll Up without Arrow button and Scroll Down functionality",
              "timedOut": null,
              "duration": 11875,
              "state": "passed",
              "speed": "slow",
              "pass": true,
              "fail": false,
              "pending": false,
              "context": null,
              "code": "cy.anasayfa();\ncy.homePageİsVisible();\ncy.scrollTo('bottom');\ncy.get('.single-widget > h2').should('be.visible', 'SUBSCRIPTION');\ncy.wait(3000);\ncy.scrollTo('top');\ncy.get('.active > :nth-child(1) > h2').should('have.text', 'Full-Fledged practice website for Automation Engineers');",
              "err": {},
              "uuid": "2ddcd4b6-d477-4a1d-b05b-4efd69a1be7f",
              "parentUUID": "81b12f7b-54cd-4f59-b841-05136f78322c",
              "isHook": false,
              "skipped": false
            }
          ],
          "suites": [],
          "passes": [
            "2ddcd4b6-d477-4a1d-b05b-4efd69a1be7f"
          ],
          "failures": [],
          "pending": [],
          "skipped": [],
          "duration": 11875,
          "root": false,
          "rootEmpty": false,
          "_timeout": 2000
        }
      ],
      "passes": [],
      "failures": [],
      "pending": [],
      "skipped": [],
      "duration": 0,
      "root": true,
      "rootEmpty": true,
      "_timeout": 2000
    }
  ],
  "meta": {
    "mocha": {
      "version": "7.0.1"
    },
    "mochawesome": {
      "options": {
        "quiet": false,
        "reportFilename": "report",
        "saveHtml": true,
        "saveJson": true,
        "consoleReporter": "spec",
        "useInlineDiffs": false,
        "code": true
      },
      "version": "7.1.3"
    },
    "marge": {
      "options": {
        "reportDir": "cypress/reports",
        "reportFilename": "report",
        "overwrite": false,
        "html": true,
        "json": true,
        "charts": true
      },
      "version": "6.2.0"
    }
  }
}