{
  "stats": {
    "suites": 1,
    "tests": 1,
    "passes": 1,
    "pending": 0,
    "failures": 0,
    "start": "2022-11-28T15:58:35.058Z",
    "end": "2022-11-28T15:58:58.099Z",
    "duration": 23041,
    "testsRegistered": 1,
    "passPercent": 100,
    "pendingPercent": 0,
    "other": 0,
    "hasOther": false,
    "skipped": 0,
    "hasSkipped": false
  },
  "results": [
    {
      "uuid": "3c0db0b1-74ed-4ff1-a22d-e88ed2a16335",
      "title": "",
      "fullFile": "cypress\\e2e\\1-Automation_Exercise\\test12_addProductsCart.cy.js",
      "file": "cypress\\e2e\\1-Automation_Exercise\\test12_addProductsCart.cy.js",
      "beforeHooks": [],
      "afterHooks": [],
      "tests": [],
      "suites": [
        {
          "uuid": "ca225c24-874c-4fac-9e39-9340acd666a6",
          "title": "Add Products in Cart",
          "fullFile": "",
          "file": "",
          "beforeHooks": [],
          "afterHooks": [],
          "tests": [
            {
              "title": "add products in cart",
              "fullTitle": "Add Products in Cart add products in cart",
              "timedOut": null,
              "duration": 17589,
              "state": "passed",
              "speed": "slow",
              "pass": true,
              "fail": false,
              "pending": false,
              "context": null,
              "code": "cy.anasayfa();\ncy.homePageİsVisible();\ncy.contains('Products').click();\ncy.get(':nth-child(3) > .product-image-wrapper').trigger('mouseover');\ncy.get(':nth-child(3) > .product-image-wrapper > .single-products > .productinfo > .btn').click();\ncy.get('.modal-footer > .btn').click();\ncy.get(':nth-child(4) > .product-image-wrapper').trigger('mouseover');\ncy.get(':nth-child(4) > .product-image-wrapper > .single-products > .productinfo > .btn').click();\ncy.get('u').click();\ncy.get('#cart_info').should('have.length', '1');\ncy.get('#product-1 > .cart_price > p').should('be.visible');\ncy.get('#product-1 > .cart_quantity').should('be.visible');\ncy.get('#product-1 > .cart_total > .cart_total_price').should('be.visible');\ncy.get('#product-2 > .cart_price > p').should('be.visible');\ncy.get('#product-2 > .cart_quantity').should('be.visible');\ncy.get('#product-2 > .cart_total > .cart_total_price').should('be.visible');",
              "err": {},
              "uuid": "b2660b5c-d149-4563-afe1-14222f3ca6d4",
              "parentUUID": "ca225c24-874c-4fac-9e39-9340acd666a6",
              "isHook": false,
              "skipped": false
            }
          ],
          "suites": [],
          "passes": [
            "b2660b5c-d149-4563-afe1-14222f3ca6d4"
          ],
          "failures": [],
          "pending": [],
          "skipped": [],
          "duration": 17589,
          "root": false,
          "rootEmpty": false,
          "_timeout": 2000
        }
      ],
      "passes": [],
      "failures": [],
      "pending": [],
      "skipped": [],
      "duration": 0,
      "root": true,
      "rootEmpty": true,
      "_timeout": 2000
    }
  ],
  "meta": {
    "mocha": {
      "version": "7.0.1"
    },
    "mochawesome": {
      "options": {
        "quiet": false,
        "reportFilename": "report",
        "saveHtml": true,
        "saveJson": true,
        "consoleReporter": "spec",
        "useInlineDiffs": false,
        "code": true
      },
      "version": "7.1.3"
    },
    "marge": {
      "options": {
        "reportDir": "cypress/reports",
        "reportFilename": "report",
        "overwrite": false,
        "html": true,
        "json": true,
        "charts": true
      },
      "version": "6.2.0"
    }
  }
}