{
  "stats": {
    "suites": 1,
    "tests": 1,
    "passes": 1,
    "pending": 0,
    "failures": 0,
    "start": "2022-11-28T16:08:29.645Z",
    "end": "2022-11-28T16:08:41.513Z",
    "duration": 11868,
    "testsRegistered": 1,
    "passPercent": 100,
    "pendingPercent": 0,
    "other": 0,
    "hasOther": false,
    "skipped": 0,
    "hasSkipped": false
  },
  "results": [
    {
      "uuid": "5d2df457-8918-4764-9855-a179da65fc52",
      "title": "",
      "fullFile": "cypress\\e2e\\2-myTests\\test03_koala_resort_key.cy.js",
      "file": "cypress\\e2e\\2-myTests\\test03_koala_resort_key.cy.js",
      "beforeHooks": [],
      "afterHooks": [],
      "tests": [],
      "suites": [
        {
          "uuid": "970a0f00-78aa-4c0b-843e-24b55e2ce5c5",
          "title": "Koala Resort Hotels",
          "fullFile": "",
          "file": "",
          "beforeHooks": [],
          "afterHooks": [],
          "tests": [
            {
              "title": "Test Case 01",
              "fullTitle": "Koala Resort Hotels Test Case 01",
              "timedOut": null,
              "duration": 5447,
              "state": "passed",
              "speed": "medium",
              "pass": true,
              "fail": false,
              "pending": false,
              "context": null,
              "code": "cy.visit(\"https://qa-environment.koalaresorthotels.com/\");\ncy.contains('Log in').click(); //ASSERT\n//1) url Account/Logon iceriyor mu\ncy.url().should('include', 'Account/Logon'); //2) locate edilen yerdeki metin de Log in yaziyor mu\ncy.get('#navLogon > .nav-link').should('have.text', 'Log in'); //3) locate edilen yer metin var mi ve ya görünür mü?\ncy.get('.row > .mb-4').should('be.visible'); //4)title buna esit mi?\ncy.title().should('eq', 'KoalaResortHotels - Log in'); //5)locate edilen yerde Log in iceriyor mu?\ncy.get('.row > .mb-4').should('include.text', 'Log in');",
              "err": {},
              "uuid": "4ff67c4c-6ea6-40e9-bdc9-d833532413f9",
              "parentUUID": "970a0f00-78aa-4c0b-843e-24b55e2ce5c5",
              "isHook": false,
              "skipped": false
            }
          ],
          "suites": [],
          "passes": [
            "4ff67c4c-6ea6-40e9-bdc9-d833532413f9"
          ],
          "failures": [],
          "pending": [],
          "skipped": [],
          "duration": 5447,
          "root": false,
          "rootEmpty": false,
          "_timeout": 2000
        }
      ],
      "passes": [],
      "failures": [],
      "pending": [],
      "skipped": [],
      "duration": 0,
      "root": true,
      "rootEmpty": true,
      "_timeout": 2000
    }
  ],
  "meta": {
    "mocha": {
      "version": "7.0.1"
    },
    "mochawesome": {
      "options": {
        "quiet": false,
        "reportFilename": "report",
        "saveHtml": true,
        "saveJson": true,
        "consoleReporter": "spec",
        "useInlineDiffs": false,
        "code": true
      },
      "version": "7.1.3"
    },
    "marge": {
      "options": {
        "reportDir": "cypress/reports",
        "reportFilename": "report",
        "overwrite": false,
        "html": true,
        "json": true,
        "charts": true
      },
      "version": "6.2.0"
    }
  }
}