{
  "stats": {
    "suites": 1,
    "tests": 1,
    "passes": 1,
    "pending": 0,
    "failures": 0,
    "start": "2022-11-28T15:55:22.765Z",
    "end": "2022-11-28T15:55:44.273Z",
    "duration": 21508,
    "testsRegistered": 1,
    "passPercent": 100,
    "pendingPercent": 0,
    "other": 0,
    "hasOther": false,
    "skipped": 0,
    "hasSkipped": false
  },
  "results": [
    {
      "uuid": "edd40d27-0d5f-4d5d-a7f7-989c79931995",
      "title": "",
      "fullFile": "cypress\\e2e\\1-Automation_Exercise\\test05_registerUserWithExistingEmail.cy.js",
      "file": "cypress\\e2e\\1-Automation_Exercise\\test05_registerUserWithExistingEmail.cy.js",
      "beforeHooks": [],
      "afterHooks": [],
      "tests": [],
      "suites": [
        {
          "uuid": "c04bdb95-6ea7-4582-b973-f4e99fb9d769",
          "title": "Register User with existing email",
          "fullFile": "",
          "file": "",
          "beforeHooks": [],
          "afterHooks": [],
          "tests": [
            {
              "title": "register user with existing email",
              "fullTitle": "Register User with existing email register user with existing email",
              "timedOut": null,
              "duration": 15790,
              "state": "passed",
              "speed": "slow",
              "pass": true,
              "fail": false,
              "pending": false,
              "context": null,
              "code": "cy.anasayfa();\ncy.homePageİsVisible();\ncy.get('.shop-menu > .nav > :nth-child(4) > a').click();\ncy.get('.signup-form > h2').should('have.text', 'New User Signup!');\ncy.get('[type=\"text\"]').type('firstname');\ncy.get('.signup-form > form > [type=\"email\"]').type(validEmail);\ncy.get('.signup-form > form > .btn').click();\ncy.get('.signup-form > form > p').should('have.text', 'Email Address already exist!');",
              "err": {},
              "uuid": "ef87f284-6aaa-450a-bb1a-b0889adab773",
              "parentUUID": "c04bdb95-6ea7-4582-b973-f4e99fb9d769",
              "isHook": false,
              "skipped": false
            }
          ],
          "suites": [],
          "passes": [
            "ef87f284-6aaa-450a-bb1a-b0889adab773"
          ],
          "failures": [],
          "pending": [],
          "skipped": [],
          "duration": 15790,
          "root": false,
          "rootEmpty": false,
          "_timeout": 2000
        }
      ],
      "passes": [],
      "failures": [],
      "pending": [],
      "skipped": [],
      "duration": 0,
      "root": true,
      "rootEmpty": true,
      "_timeout": 2000
    }
  ],
  "meta": {
    "mocha": {
      "version": "7.0.1"
    },
    "mochawesome": {
      "options": {
        "quiet": false,
        "reportFilename": "report",
        "saveHtml": true,
        "saveJson": true,
        "consoleReporter": "spec",
        "useInlineDiffs": false,
        "code": true
      },
      "version": "7.1.3"
    },
    "marge": {
      "options": {
        "reportDir": "cypress/reports",
        "reportFilename": "report",
        "overwrite": false,
        "html": true,
        "json": true,
        "charts": true
      },
      "version": "6.2.0"
    }
  }
}