{
  "stats": {
    "suites": 1,
    "tests": 2,
    "passes": 2,
    "pending": 0,
    "failures": 0,
    "start": "2022-11-28T16:07:51.993Z",
    "end": "2022-11-28T16:08:25.640Z",
    "duration": 33647,
    "testsRegistered": 2,
    "passPercent": 100,
    "pendingPercent": 0,
    "other": 0,
    "hasOther": false,
    "skipped": 0,
    "hasSkipped": false
  },
  "results": [
    {
      "uuid": "d71d7ebe-5816-4400-be3e-d86601655b6c",
      "title": "",
      "fullFile": "cypress\\e2e\\2-myTests\\test02_pozitif_nagatif_login.cy.js",
      "file": "cypress\\e2e\\2-myTests\\test02_pozitif_nagatif_login.cy.js",
      "beforeHooks": [],
      "afterHooks": [],
      "tests": [],
      "suites": [
        {
          "uuid": "063e887d-047b-42ee-8f72-2a3bfbffde57",
          "title": "Login Test",
          "fullFile": "",
          "file": "",
          "beforeHooks": [],
          "afterHooks": [],
          "tests": [
            {
              "title": "Log in pozitif",
              "fullTitle": "Login Test Log in pozitif",
              "timedOut": null,
              "duration": 18538,
              "state": "passed",
              "speed": "slow",
              "pass": true,
              "fail": false,
              "pending": false,
              "context": null,
              "code": "cy.visit('https://www.automationexercise.com/');\ncy.contains('Login').click();\ncy.get('.login-form > form > [type=\"email\"]').type(validMail);\ncy.get('[type=\"password\"]').type(validPassword);\ncy.get('.login-form > form > .btn').click();\ncy.get(':nth-child(10) > a').should('include.text', 'Muhammed Yılmaz');",
              "err": {},
              "uuid": "0778897e-f7df-4301-b614-7261bc118bc0",
              "parentUUID": "063e887d-047b-42ee-8f72-2a3bfbffde57",
              "isHook": false,
              "skipped": false
            },
            {
              "title": "Log in negatif",
              "fullTitle": "Login Test Log in negatif",
              "timedOut": null,
              "duration": 9868,
              "state": "passed",
              "speed": "medium",
              "pass": true,
              "fail": false,
              "pending": false,
              "context": null,
              "code": "cy.visit('https://www.automationexercise.com/');\ncy.contains('Login').click();\ncy.get('.login-form > form > [type=\"email\"]').type(validMail);\ncy.get('[type=\"password\"]').type(wrongPassword);\ncy.get('.login-form > form > .btn').click();\ncy.get('.login-form > form > p').should('include.text', 'Your email or password is incorrect!');",
              "err": {},
              "uuid": "c6241a65-e659-49c5-9f2f-cd251dcb966e",
              "parentUUID": "063e887d-047b-42ee-8f72-2a3bfbffde57",
              "isHook": false,
              "skipped": false
            }
          ],
          "suites": [],
          "passes": [
            "0778897e-f7df-4301-b614-7261bc118bc0",
            "c6241a65-e659-49c5-9f2f-cd251dcb966e"
          ],
          "failures": [],
          "pending": [],
          "skipped": [],
          "duration": 28406,
          "root": false,
          "rootEmpty": false,
          "_timeout": 2000
        }
      ],
      "passes": [],
      "failures": [],
      "pending": [],
      "skipped": [],
      "duration": 0,
      "root": true,
      "rootEmpty": true,
      "_timeout": 2000
    }
  ],
  "meta": {
    "mocha": {
      "version": "7.0.1"
    },
    "mochawesome": {
      "options": {
        "quiet": false,
        "reportFilename": "report",
        "saveHtml": true,
        "saveJson": true,
        "consoleReporter": "spec",
        "useInlineDiffs": false,
        "code": true
      },
      "version": "7.1.3"
    },
    "marge": {
      "options": {
        "reportDir": "cypress/reports",
        "reportFilename": "report",
        "overwrite": false,
        "html": true,
        "json": true,
        "charts": true
      },
      "version": "6.2.0"
    }
  }
}