{
  "stats": {
    "suites": 1,
    "tests": 1,
    "passes": 1,
    "pending": 0,
    "failures": 0,
    "start": "2022-11-28T15:59:26.130Z",
    "end": "2022-11-28T16:00:24.349Z",
    "duration": 58219,
    "testsRegistered": 1,
    "passPercent": 100,
    "pendingPercent": 0,
    "other": 0,
    "hasOther": false,
    "skipped": 0,
    "hasSkipped": false
  },
  "results": [
    {
      "uuid": "11e777f4-4ba0-40aa-b1de-456cdaa03f6e",
      "title": "",
      "fullFile": "cypress\\e2e\\1-Automation_Exercise\\test14_registerWhileCheckout.cy.js",
      "file": "cypress\\e2e\\1-Automation_Exercise\\test14_registerWhileCheckout.cy.js",
      "beforeHooks": [],
      "afterHooks": [],
      "tests": [],
      "suites": [
        {
          "uuid": "de24ac17-e869-42fd-85c1-7213dcc04024",
          "title": "Place Order: Register while Checkout",
          "fullFile": "",
          "file": "",
          "beforeHooks": [],
          "afterHooks": [],
          "tests": [
            {
              "title": "register while checkout",
              "fullTitle": "Place Order: Register while Checkout register while checkout",
              "timedOut": null,
              "duration": 52674,
              "state": "passed",
              "speed": "slow",
              "pass": true,
              "fail": false,
              "pending": false,
              "context": null,
              "code": "cy.anasayfa();\ncy.homePageİsVisible();\ncy.get('.features_items > :nth-child(3) > .product-image-wrapper > .single-products > .productinfo > .btn').click();\ncy.get('u').click();\ncy.get('.active').should('have.text', 'Shopping Cart');\ncy.get('.col-sm-6 > .btn').click();\ncy.get('.modal-body > :nth-child(2) > a > u').click();\ncy.register();\ncy.get('.shop-menu > .nav > :nth-child(3) > a').click();\ncy.get('.col-sm-6 > .btn').click();\ncy.get('#address_delivery').should('include.text', 'yilmaz');\ncy.get('.form-control').type('Hello World');\ncy.get(':nth-child(7) > .btn').click();\ncy.get(':nth-child(2) > .col-sm-12 > .form-control').type('yilmaz');\ncy.get(':nth-child(3) > .col-sm-12 > .form-control').type('1111-2222-3333-4444');\ncy.get('.cvc > .form-control').clear().type('444');\ncy.get(':nth-child(2) > .form-control').type('12');\ncy.get(':nth-child(3) > .form-control').type('2026');\ncy.get('#submit').click(); //  cy.get('#success_message > .alert-success').should('be.visible','Your order has been placed successfully!')",
              "err": {},
              "uuid": "13b243b2-5c20-4072-956a-c9fd1552ff74",
              "parentUUID": "de24ac17-e869-42fd-85c1-7213dcc04024",
              "isHook": false,
              "skipped": false
            }
          ],
          "suites": [],
          "passes": [
            "13b243b2-5c20-4072-956a-c9fd1552ff74"
          ],
          "failures": [],
          "pending": [],
          "skipped": [],
          "duration": 52674,
          "root": false,
          "rootEmpty": false,
          "_timeout": 2000
        }
      ],
      "passes": [],
      "failures": [],
      "pending": [],
      "skipped": [],
      "duration": 0,
      "root": true,
      "rootEmpty": true,
      "_timeout": 2000
    }
  ],
  "meta": {
    "mocha": {
      "version": "7.0.1"
    },
    "mochawesome": {
      "options": {
        "quiet": false,
        "reportFilename": "report",
        "saveHtml": true,
        "saveJson": true,
        "consoleReporter": "spec",
        "useInlineDiffs": false,
        "code": true
      },
      "version": "7.1.3"
    },
    "marge": {
      "options": {
        "reportDir": "cypress/reports",
        "reportFilename": "report",
        "overwrite": false,
        "html": true,
        "json": true,
        "charts": true
      },
      "version": "6.2.0"
    }
  }
}