{
  "stats": {
    "suites": 1,
    "tests": 1,
    "passes": 1,
    "pending": 0,
    "failures": 0,
    "start": "2022-11-28T16:04:46.868Z",
    "end": "2022-11-28T16:05:07.085Z",
    "duration": 20217,
    "testsRegistered": 1,
    "passPercent": 100,
    "pendingPercent": 0,
    "other": 0,
    "hasOther": false,
    "skipped": 0,
    "hasSkipped": false
  },
  "results": [
    {
      "uuid": "d9eedb6f-fa8d-42bc-8a16-8825f4bcd6e2",
      "title": "",
      "fullFile": "cypress\\e2e\\1-Automation_Exercise\\test22_addToCartFromRecommendedİtems.cy.js",
      "file": "cypress\\e2e\\1-Automation_Exercise\\test22_addToCartFromRecommendedİtems.cy.js",
      "beforeHooks": [],
      "afterHooks": [],
      "tests": [],
      "suites": [
        {
          "uuid": "3dd64425-c56b-4952-84d3-bba074d88ced",
          "title": "Add to cart from Recommended items",
          "fullFile": "",
          "file": "",
          "beforeHooks": [],
          "afterHooks": [],
          "tests": [
            {
              "title": "add to cart from recommended items",
              "fullTitle": "Add to cart from Recommended items add to cart from recommended items",
              "timedOut": null,
              "duration": 14929,
              "state": "passed",
              "speed": "slow",
              "pass": true,
              "fail": false,
              "pending": false,
              "context": null,
              "code": "cy.anasayfa();\ncy.get('.recommended_items > .title').scrollIntoView();\ncy.get('.active > :nth-child(1) > .product-image-wrapper > .single-products > .productinfo > .btn').click();\ncy.get('u').click();\ncy.get('#product-4').should('be.visible');",
              "err": {},
              "uuid": "efb3906e-7639-4c93-bb7c-ca82fc3e5576",
              "parentUUID": "3dd64425-c56b-4952-84d3-bba074d88ced",
              "isHook": false,
              "skipped": false
            }
          ],
          "suites": [],
          "passes": [
            "efb3906e-7639-4c93-bb7c-ca82fc3e5576"
          ],
          "failures": [],
          "pending": [],
          "skipped": [],
          "duration": 14929,
          "root": false,
          "rootEmpty": false,
          "_timeout": 2000
        }
      ],
      "passes": [],
      "failures": [],
      "pending": [],
      "skipped": [],
      "duration": 0,
      "root": true,
      "rootEmpty": true,
      "_timeout": 2000
    }
  ],
  "meta": {
    "mocha": {
      "version": "7.0.1"
    },
    "mochawesome": {
      "options": {
        "quiet": false,
        "reportFilename": "report",
        "saveHtml": true,
        "saveJson": true,
        "consoleReporter": "spec",
        "useInlineDiffs": false,
        "code": true
      },
      "version": "7.1.3"
    },
    "marge": {
      "options": {
        "reportDir": "cypress/reports",
        "reportFilename": "report",
        "overwrite": false,
        "html": true,
        "json": true,
        "charts": true
      },
      "version": "6.2.0"
    }
  }
}