{
  "stats": {
    "suites": 1,
    "tests": 3,
    "passes": 3,
    "pending": 0,
    "failures": 0,
    "start": "2022-11-28T15:54:01.748Z",
    "end": "2022-11-28T15:54:46.527Z",
    "duration": 44779,
    "testsRegistered": 3,
    "passPercent": 100,
    "pendingPercent": 0,
    "other": 0,
    "hasOther": false,
    "skipped": 0,
    "hasSkipped": false
  },
  "results": [
    {
      "uuid": "92e961d2-9fed-4050-81c3-1003949cc935",
      "title": "",
      "fullFile": "cypress\\e2e\\1-Automation_Exercise\\test03_negativeLogin.cy.js",
      "file": "cypress\\e2e\\1-Automation_Exercise\\test03_negativeLogin.cy.js",
      "beforeHooks": [],
      "afterHooks": [],
      "tests": [],
      "suites": [
        {
          "uuid": "04af963b-2127-47ad-8944-676f20168ef4",
          "title": "Negative Login",
          "fullFile": "",
          "file": "",
          "beforeHooks": [],
          "afterHooks": [],
          "tests": [
            {
              "title": "wrong email",
              "fullTitle": "Negative Login wrong email",
              "timedOut": null,
              "duration": 13121,
              "state": "passed",
              "speed": "slow",
              "pass": true,
              "fail": false,
              "pending": false,
              "context": null,
              "code": "cy.get('.shop-menu > .nav > :nth-child(4) > a').click();\ncy.get('.login-form > h2').should('have.text', 'Login to your account');\ncy.get('.login-form > form > [type=\"email\"]').type(wrongEmail);\ncy.get('[type=\"password\"]').type(validPassword);\ncy.get('.login-form > form > .btn').click();\ncy.get('.login-form > form > p').should('have.text', 'Your email or password is incorrect!');",
              "err": {},
              "uuid": "1bf0a638-57b1-4c38-b459-0c8b90f286ca",
              "parentUUID": "04af963b-2127-47ad-8944-676f20168ef4",
              "isHook": false,
              "skipped": false
            },
            {
              "title": "wrong password",
              "fullTitle": "Negative Login wrong password",
              "timedOut": null,
              "duration": 11117,
              "state": "passed",
              "speed": "slow",
              "pass": true,
              "fail": false,
              "pending": false,
              "context": null,
              "code": "cy.get('.shop-menu > .nav > :nth-child(4) > a').click();\ncy.get('.login-form > h2').should('have.text', 'Login to your account');\ncy.get('.login-form > form > [type=\"email\"]').type(validEmail);\ncy.get('[type=\"password\"]').type(wrongPassword);\ncy.get('.login-form > form > .btn').click();\ncy.get('.login-form > form > p').should('have.text', 'Your email or password is incorrect!');",
              "err": {},
              "uuid": "34b35b28-4c90-41b3-b71f-102466d12e4f",
              "parentUUID": "04af963b-2127-47ad-8944-676f20168ef4",
              "isHook": false,
              "skipped": false
            },
            {
              "title": "wrong email and wrong password",
              "fullTitle": "Negative Login wrong email and wrong password",
              "timedOut": null,
              "duration": 13940,
              "state": "passed",
              "speed": "slow",
              "pass": true,
              "fail": false,
              "pending": false,
              "context": null,
              "code": "cy.get('.shop-menu > .nav > :nth-child(4) > a').click();\ncy.get('.login-form > h2').should('have.text', 'Login to your account');\ncy.get('.login-form > form > [type=\"email\"]').type(wrongEmail);\ncy.get('[type=\"password\"]').type(wrongPassword);\ncy.get('.login-form > form > .btn').click();\ncy.get('.login-form > form > p').should('have.text', 'Your email or password is incorrect!');",
              "err": {},
              "uuid": "f65085e6-4c55-4757-9dad-7398049ac1d1",
              "parentUUID": "04af963b-2127-47ad-8944-676f20168ef4",
              "isHook": false,
              "skipped": false
            }
          ],
          "suites": [],
          "passes": [
            "1bf0a638-57b1-4c38-b459-0c8b90f286ca",
            "34b35b28-4c90-41b3-b71f-102466d12e4f",
            "f65085e6-4c55-4757-9dad-7398049ac1d1"
          ],
          "failures": [],
          "pending": [],
          "skipped": [],
          "duration": 38178,
          "root": false,
          "rootEmpty": false,
          "_timeout": 2000
        }
      ],
      "passes": [],
      "failures": [],
      "pending": [],
      "skipped": [],
      "duration": 0,
      "root": true,
      "rootEmpty": true,
      "_timeout": 2000
    }
  ],
  "meta": {
    "mocha": {
      "version": "7.0.1"
    },
    "mochawesome": {
      "options": {
        "quiet": false,
        "reportFilename": "report",
        "saveHtml": true,
        "saveJson": true,
        "consoleReporter": "spec",
        "useInlineDiffs": false,
        "code": true
      },
      "version": "7.1.3"
    },
    "marge": {
      "options": {
        "reportDir": "cypress/reports",
        "reportFilename": "report",
        "overwrite": false,
        "html": true,
        "json": true,
        "charts": true
      },
      "version": "6.2.0"
    }
  }
}