{
  "stats": {
    "suites": 1,
    "tests": 1,
    "passes": 1,
    "pending": 0,
    "failures": 0,
    "start": "2022-11-28T16:05:11.101Z",
    "end": "2022-11-28T16:05:54.889Z",
    "duration": 43788,
    "testsRegistered": 1,
    "passPercent": 100,
    "pendingPercent": 0,
    "other": 0,
    "hasOther": false,
    "skipped": 0,
    "hasSkipped": false
  },
  "results": [
    {
      "uuid": "13b4d23e-293e-4960-b7fd-f77409be7779",
      "title": "",
      "fullFile": "cypress\\e2e\\1-Automation_Exercise\\test23_verifyAddressDetailsInCheckoutPage.cy.js",
      "file": "cypress\\e2e\\1-Automation_Exercise\\test23_verifyAddressDetailsInCheckoutPage.cy.js",
      "beforeHooks": [],
      "afterHooks": [],
      "tests": [],
      "suites": [
        {
          "uuid": "2e32dfba-fce4-41ff-b534-42b7d17efa5f",
          "title": "Verify address details in checkout page",
          "fullFile": "",
          "file": "",
          "beforeHooks": [],
          "afterHooks": [],
          "tests": [
            {
              "title": "verify address details in checkout page",
              "fullTitle": "Verify address details in checkout page verify address details in checkout page",
              "timedOut": null,
              "duration": 38529,
              "state": "passed",
              "speed": "slow",
              "pass": true,
              "fail": false,
              "pending": false,
              "context": null,
              "code": "cy.anasayfa();\ncy.homePageİsVisible();\ncy.register();\ncy.get('.features_items > :nth-child(3) > .product-image-wrapper').scrollIntoView();\ncy.get('.features_items > :nth-child(3) > .product-image-wrapper').trigger('mouseover');\ncy.contains('Add to cart').click();\ncy.get('u').click();\ncy.get('.active').should('have.text', 'Shopping Cart');\ncy.get('.col-sm-6 > .btn').click();\ncy.get('#address_delivery').should('include.text', 'yilmaz');\ncy.get('#address_invoice').should('include.text', 'yilmaz');",
              "err": {},
              "uuid": "5e7bf9f6-ae43-4392-a0cd-343f31ce64fb",
              "parentUUID": "2e32dfba-fce4-41ff-b534-42b7d17efa5f",
              "isHook": false,
              "skipped": false
            }
          ],
          "suites": [],
          "passes": [
            "5e7bf9f6-ae43-4392-a0cd-343f31ce64fb"
          ],
          "failures": [],
          "pending": [],
          "skipped": [],
          "duration": 38529,
          "root": false,
          "rootEmpty": false,
          "_timeout": 2000
        }
      ],
      "passes": [],
      "failures": [],
      "pending": [],
      "skipped": [],
      "duration": 0,
      "root": true,
      "rootEmpty": true,
      "_timeout": 2000
    }
  ],
  "meta": {
    "mocha": {
      "version": "7.0.1"
    },
    "mochawesome": {
      "options": {
        "quiet": false,
        "reportFilename": "report",
        "saveHtml": true,
        "saveJson": true,
        "consoleReporter": "spec",
        "useInlineDiffs": false,
        "code": true
      },
      "version": "7.1.3"
    },
    "marge": {
      "options": {
        "reportDir": "cypress/reports",
        "reportFilename": "report",
        "overwrite": false,
        "html": true,
        "json": true,
        "charts": true
      },
      "version": "6.2.0"
    }
  }
}