{
  "stats": {
    "suites": 1,
    "tests": 1,
    "passes": 1,
    "pending": 0,
    "failures": 0,
    "start": "2022-11-28T16:00:29.276Z",
    "end": "2022-11-28T16:01:26.991Z",
    "duration": 57715,
    "testsRegistered": 1,
    "passPercent": 100,
    "pendingPercent": 0,
    "other": 0,
    "hasOther": false,
    "skipped": 0,
    "hasSkipped": false
  },
  "results": [
    {
      "uuid": "b6bae646-7f25-4229-a1ce-78fe45fff848",
      "title": "",
      "fullFile": "cypress\\e2e\\1-Automation_Exercise\\test15_registerBeforeCheckout.cy.js",
      "file": "cypress\\e2e\\1-Automation_Exercise\\test15_registerBeforeCheckout.cy.js",
      "beforeHooks": [],
      "afterHooks": [],
      "tests": [],
      "suites": [
        {
          "uuid": "addad41f-4f3a-49d5-acde-156f6a0a5c78",
          "title": "Place Order: Register before Checkout",
          "fullFile": "",
          "file": "",
          "beforeHooks": [],
          "afterHooks": [],
          "tests": [
            {
              "title": "register before checkout",
              "fullTitle": "Place Order: Register before Checkout register before checkout",
              "timedOut": null,
              "duration": 51879,
              "state": "passed",
              "speed": "slow",
              "pass": true,
              "fail": false,
              "pending": false,
              "context": null,
              "code": "cy.anasayfa();\ncy.homePageİsVisible();\ncy.get('.shop-menu > .nav > :nth-child(4) > a').click();\ncy.register();\ncy.get('.features_items > :nth-child(3) > .product-image-wrapper > .single-products > .productinfo > .btn').click();\ncy.get('.shop-menu > .nav > :nth-child(3) > a').click();\ncy.get('.col-sm-6 > .btn').click();\ncy.get('#address_delivery').should('include.text', 'yilmaz');\ncy.get('.form-control').type('Hello World');\ncy.get(':nth-child(7) > .btn').click();\ncy.get(':nth-child(2) > .col-sm-12 > .form-control').type('yilmaz');\ncy.get(':nth-child(3) > .col-sm-12 > .form-control').type('1111-2222-3333-4444');\ncy.get('.cvc > .form-control').clear().type('444');\ncy.get(':nth-child(2) > .form-control').type('12');\ncy.get(':nth-child(3) > .form-control').type('2026');\ncy.get('#submit').click(); // cy.get('#success_message > .alert-success').should('be.visible','Your order has been placed successfully!')",
              "err": {},
              "uuid": "a9f4884e-14f1-47be-8f8a-cb597269cb18",
              "parentUUID": "addad41f-4f3a-49d5-acde-156f6a0a5c78",
              "isHook": false,
              "skipped": false
            }
          ],
          "suites": [],
          "passes": [
            "a9f4884e-14f1-47be-8f8a-cb597269cb18"
          ],
          "failures": [],
          "pending": [],
          "skipped": [],
          "duration": 51879,
          "root": false,
          "rootEmpty": false,
          "_timeout": 2000
        }
      ],
      "passes": [],
      "failures": [],
      "pending": [],
      "skipped": [],
      "duration": 0,
      "root": true,
      "rootEmpty": true,
      "_timeout": 2000
    }
  ],
  "meta": {
    "mocha": {
      "version": "7.0.1"
    },
    "mochawesome": {
      "options": {
        "quiet": false,
        "reportFilename": "report",
        "saveHtml": true,
        "saveJson": true,
        "consoleReporter": "spec",
        "useInlineDiffs": false,
        "code": true
      },
      "version": "7.1.3"
    },
    "marge": {
      "options": {
        "reportDir": "cypress/reports",
        "reportFilename": "report",
        "overwrite": false,
        "html": true,
        "json": true,
        "charts": true
      },
      "version": "6.2.0"
    }
  }
}