{
  "stats": {
    "suites": 1,
    "tests": 1,
    "passes": 1,
    "pending": 1,
    "failures": -1,
    "start": "2022-11-28T16:08:45.488Z",
    "end": "2022-11-28T16:08:56.524Z",
    "duration": 11036,
    "testsRegistered": 2,
    "passPercent": 100,
    "pendingPercent": 50,
    "other": 1,
    "hasOther": true,
    "skipped": 1,
    "hasSkipped": true
  },
  "results": [
    {
      "uuid": "3acb0a2b-afd5-4a23-a689-6463389ee1d2",
      "title": "",
      "fullFile": "cypress\\e2e\\2-myTests\\test04_navigasyon.cy.js",
      "file": "cypress\\e2e\\2-myTests\\test04_navigasyon.cy.js",
      "beforeHooks": [],
      "afterHooks": [],
      "tests": [],
      "suites": [
        {
          "uuid": "518cccf3-f3fa-445e-88c2-01232e2626eb",
          "title": "Navigasyon",
          "fullFile": "",
          "file": "",
          "beforeHooks": [],
          "afterHooks": [],
          "tests": [
            {
              "title": "back, forward, refresh",
              "fullTitle": "Navigasyon back, forward, refresh",
              "timedOut": null,
              "duration": 0,
              "state": "pending",
              "speed": null,
              "pass": false,
              "fail": false,
              "pending": false,
              "context": null,
              "code": "//skip ---> test blogunu calistirmaz\ncy.visit(\"https://qa-environment.koalaresorthotels.com/\");\ncy.wait(2000); //hard wait of cypress\ncy.contains(\"Log in\").click(); //onceki sayfaya git\n//cy.go(\"back\");\ncy.go(-1);\ncy.wait(2000); //hard wait of cypress\n//sonraki sayfaya git\n//cy.go(\"forward\");\ncy.go(1);\ncy.wait(2000); //sayfayi tekrar yükleme\ncy.reload();",
              "err": {},
              "uuid": "bbe0a10c-6d7a-4797-b121-84c1be600dc1",
              "parentUUID": "518cccf3-f3fa-445e-88c2-01232e2626eb",
              "isHook": false,
              "skipped": true
            },
            {
              "title": "Zincirleme Navigasyon",
              "fullTitle": "Navigasyon Zincirleme Navigasyon",
              "timedOut": null,
              "duration": 6460,
              "state": "passed",
              "speed": "medium",
              "pass": true,
              "fail": false,
              "pending": false,
              "context": null,
              "code": "cy.visit(\"https://qa-environment.koalaresorthotels.com/\");\ncy.contains('Log in').click().go('back').go('forward').go('back');\ncy.reload(true).contains('Log in').should('be.visible');",
              "err": {},
              "uuid": "1a2dacfb-e806-481a-87e7-6a9f20e40e02",
              "parentUUID": "518cccf3-f3fa-445e-88c2-01232e2626eb",
              "isHook": false,
              "skipped": false
            }
          ],
          "suites": [],
          "passes": [
            "1a2dacfb-e806-481a-87e7-6a9f20e40e02"
          ],
          "failures": [],
          "pending": [],
          "skipped": [
            "bbe0a10c-6d7a-4797-b121-84c1be600dc1"
          ],
          "duration": 6460,
          "root": false,
          "rootEmpty": false,
          "_timeout": 2000
        }
      ],
      "passes": [],
      "failures": [],
      "pending": [],
      "skipped": [],
      "duration": 0,
      "root": true,
      "rootEmpty": true,
      "_timeout": 2000
    }
  ],
  "meta": {
    "mocha": {
      "version": "7.0.1"
    },
    "mochawesome": {
      "options": {
        "quiet": false,
        "reportFilename": "report",
        "saveHtml": true,
        "saveJson": true,
        "consoleReporter": "spec",
        "useInlineDiffs": false,
        "code": true
      },
      "version": "7.1.3"
    },
    "marge": {
      "options": {
        "reportDir": "cypress/reports",
        "reportFilename": "report",
        "overwrite": false,
        "html": true,
        "json": true,
        "charts": true
      },
      "version": "6.2.0"
    }
  }
}