{
  "stats": {
    "suites": 1,
    "tests": 1,
    "passes": 1,
    "pending": 0,
    "failures": 0,
    "start": "2022-11-28T15:54:50.804Z",
    "end": "2022-11-28T15:55:18.741Z",
    "duration": 27937,
    "testsRegistered": 1,
    "passPercent": 100,
    "pendingPercent": 0,
    "other": 0,
    "hasOther": false,
    "skipped": 0,
    "hasSkipped": false
  },
  "results": [
    {
      "uuid": "1011e73b-9ba5-4f88-a0ac-07341cb5c0f7",
      "title": "",
      "fullFile": "cypress\\e2e\\1-Automation_Exercise\\test04_logoutUser.cy.js",
      "file": "cypress\\e2e\\1-Automation_Exercise\\test04_logoutUser.cy.js",
      "beforeHooks": [],
      "afterHooks": [],
      "tests": [],
      "suites": [
        {
          "uuid": "0aa08888-25de-45ad-aac4-a60fe630d4b1",
          "title": "Logout User",
          "fullFile": "",
          "file": "",
          "beforeHooks": [],
          "afterHooks": [],
          "tests": [
            {
              "title": "logout user",
              "fullTitle": "Logout User logout user",
              "timedOut": null,
              "duration": 22715,
              "state": "passed",
              "speed": "slow",
              "pass": true,
              "fail": false,
              "pending": false,
              "context": null,
              "code": "cy.anasayfa();\ncy.homePageİsVisible();\ncy.get('.shop-menu > .nav > :nth-child(4) > a').click();\ncy.get('.login-form > h2').should('have.text', 'Login to your account');\ncy.get('.login-form > form > [type=\"email\"]').type(validEmail);\ncy.get('[type=\"password\"]').type(validPassword);\ncy.get('.login-form > form > .btn').click();\ncy.get(':nth-child(10) > a').should('include.text', 'Logged in as Zetta');\ncy.contains('Logout').click();\ncy.get('.login-form > h2').should('have.text', 'Login to your account');",
              "err": {},
              "uuid": "46fb5ba5-6fc8-445f-ac24-551eaf9e8fd4",
              "parentUUID": "0aa08888-25de-45ad-aac4-a60fe630d4b1",
              "isHook": false,
              "skipped": false
            }
          ],
          "suites": [],
          "passes": [
            "46fb5ba5-6fc8-445f-ac24-551eaf9e8fd4"
          ],
          "failures": [],
          "pending": [],
          "skipped": [],
          "duration": 22715,
          "root": false,
          "rootEmpty": false,
          "_timeout": 2000
        }
      ],
      "passes": [],
      "failures": [],
      "pending": [],
      "skipped": [],
      "duration": 0,
      "root": true,
      "rootEmpty": true,
      "_timeout": 2000
    }
  ],
  "meta": {
    "mocha": {
      "version": "7.0.1"
    },
    "mochawesome": {
      "options": {
        "quiet": false,
        "reportFilename": "report",
        "saveHtml": true,
        "saveJson": true,
        "consoleReporter": "spec",
        "useInlineDiffs": false,
        "code": true
      },
      "version": "7.1.3"
    },
    "marge": {
      "options": {
        "reportDir": "cypress/reports",
        "reportFilename": "report",
        "overwrite": false,
        "html": true,
        "json": true,
        "charts": true
      },
      "version": "6.2.0"
    }
  }
}