{
  "stats": {
    "suites": 1,
    "tests": 1,
    "passes": 1,
    "pending": 0,
    "failures": 0,
    "start": "2022-11-28T15:53:33.995Z",
    "end": "2022-11-28T15:53:56.576Z",
    "duration": 22581,
    "testsRegistered": 1,
    "passPercent": 100,
    "pendingPercent": 0,
    "other": 0,
    "hasOther": false,
    "skipped": 0,
    "hasSkipped": false
  },
  "results": [
    {
      "uuid": "f6c20c0d-8530-4673-8d9e-7cc9ebbd39e6",
      "title": "",
      "fullFile": "cypress\\e2e\\1-Automation_Exercise\\test02_positiveLogin.cy.js",
      "file": "cypress\\e2e\\1-Automation_Exercise\\test02_positiveLogin.cy.js",
      "beforeHooks": [],
      "afterHooks": [],
      "tests": [],
      "suites": [
        {
          "uuid": "e54be202-2212-410d-b055-d0991b9d5c78",
          "title": "Positive Login",
          "fullFile": "",
          "file": "",
          "beforeHooks": [],
          "afterHooks": [],
          "tests": [
            {
              "title": "positive login",
              "fullTitle": "Positive Login positive login",
              "timedOut": null,
              "duration": 16842,
              "state": "passed",
              "speed": "slow",
              "pass": true,
              "fail": false,
              "pending": false,
              "context": null,
              "code": "cy.anasayfa();\ncy.homePageİsVisible();\ncy.get('.shop-menu > .nav > :nth-child(4) > a').click();\ncy.get('.login-form > h2').should('have.text', 'Login to your account');\ncy.get('.login-form > form > [type=\"email\"]').type(validEmail);\ncy.get('[type=\"password\"]').type(validPassword);\ncy.get('.login-form > form > .btn').click();\ncy.get(':nth-child(10) > a').should('have.text', ' Logged in as Zetta');",
              "err": {},
              "uuid": "96c56d02-7321-4f95-88c6-84bb7a28dcf7",
              "parentUUID": "e54be202-2212-410d-b055-d0991b9d5c78",
              "isHook": false,
              "skipped": false
            }
          ],
          "suites": [],
          "passes": [
            "96c56d02-7321-4f95-88c6-84bb7a28dcf7"
          ],
          "failures": [],
          "pending": [],
          "skipped": [],
          "duration": 16842,
          "root": false,
          "rootEmpty": false,
          "_timeout": 2000
        }
      ],
      "passes": [],
      "failures": [],
      "pending": [],
      "skipped": [],
      "duration": 0,
      "root": true,
      "rootEmpty": true,
      "_timeout": 2000
    }
  ],
  "meta": {
    "mocha": {
      "version": "7.0.1"
    },
    "mochawesome": {
      "options": {
        "quiet": false,
        "reportFilename": "report",
        "saveHtml": true,
        "saveJson": true,
        "consoleReporter": "spec",
        "useInlineDiffs": false,
        "code": true
      },
      "version": "7.1.3"
    },
    "marge": {
      "options": {
        "reportDir": "cypress/reports",
        "reportFilename": "report",
        "overwrite": false,
        "html": true,
        "json": true,
        "charts": true
      },
      "version": "6.2.0"
    }
  }
}