{
  "stats": {
    "suites": 1,
    "tests": 1,
    "passes": 1,
    "pending": 0,
    "failures": 0,
    "start": "2022-11-28T16:09:13.956Z",
    "end": "2022-11-28T16:09:43.079Z",
    "duration": 29123,
    "testsRegistered": 1,
    "passPercent": 100,
    "pendingPercent": 0,
    "other": 0,
    "hasOther": false,
    "skipped": 0,
    "hasSkipped": false
  },
  "results": [
    {
      "uuid": "6faeb7e0-c47a-4e1b-bd4a-cc40dda4e7eb",
      "title": "",
      "fullFile": "cypress\\e2e\\2-myTests\\test06_hover_over.cy.js",
      "file": "cypress\\e2e\\2-myTests\\test06_hover_over.cy.js",
      "beforeHooks": [],
      "afterHooks": [],
      "tests": [],
      "suites": [
        {
          "uuid": "b59679a2-c95d-4426-8df1-278b30df9441",
          "title": "hover over",
          "fullFile": "",
          "file": "",
          "beforeHooks": [],
          "afterHooks": [],
          "tests": [
            {
              "title": "move over",
              "fullTitle": "hover over move over",
              "timedOut": null,
              "duration": 23808,
              "state": "passed",
              "speed": "slow",
              "pass": true,
              "fail": false,
              "pending": false,
              "context": null,
              "code": "cy.visit('https://www.amazon.com/');\ncy.get('.icp-nav-link-inner > .nav-line-2 > .nav-icon').trigger('mouseover'); //trigger () mouse haraket ettirir\n//change country/region\ncy.contains('Change country/region', {\n  force: true\n}).click(); //select\n// cy.get('#icp-selected-country').select('Canada',{force: true})\n//dropdown elementleri acmak icin kullaniyoruz\ncy.get('.a-dropdown-prompt').click();\ncy.get('li:nth-of-type(3) > .a-dropdown-link').click();\ncy.get('.a-button-input').click();",
              "err": {},
              "uuid": "33ae0c34-cde0-4669-b969-163a72bedf02",
              "parentUUID": "b59679a2-c95d-4426-8df1-278b30df9441",
              "isHook": false,
              "skipped": false
            }
          ],
          "suites": [],
          "passes": [
            "33ae0c34-cde0-4669-b969-163a72bedf02"
          ],
          "failures": [],
          "pending": [],
          "skipped": [],
          "duration": 23808,
          "root": false,
          "rootEmpty": false,
          "_timeout": 2000
        }
      ],
      "passes": [],
      "failures": [],
      "pending": [],
      "skipped": [],
      "duration": 0,
      "root": true,
      "rootEmpty": true,
      "_timeout": 2000
    }
  ],
  "meta": {
    "mocha": {
      "version": "7.0.1"
    },
    "mochawesome": {
      "options": {
        "quiet": false,
        "reportFilename": "report",
        "saveHtml": true,
        "saveJson": true,
        "consoleReporter": "spec",
        "useInlineDiffs": false,
        "code": true
      },
      "version": "7.1.3"
    },
    "marge": {
      "options": {
        "reportDir": "cypress/reports",
        "reportFilename": "report",
        "overwrite": false,
        "html": true,
        "json": true,
        "charts": true
      },
      "version": "6.2.0"
    }
  }
}