{
  "stats": {
    "suites": 1,
    "tests": 1,
    "passes": 1,
    "pending": 0,
    "failures": 0,
    "start": "2022-11-28T15:57:49.083Z",
    "end": "2022-11-28T15:58:06.254Z",
    "duration": 17171,
    "testsRegistered": 1,
    "passPercent": 100,
    "pendingPercent": 0,
    "other": 0,
    "hasOther": false,
    "skipped": 0,
    "hasSkipped": false
  },
  "results": [
    {
      "uuid": "be11f449-ac29-4b77-92cd-8741185abd8d",
      "title": "",
      "fullFile": "cypress\\e2e\\1-Automation_Exercise\\test10_verifySubscriptionHomePage.cy.js",
      "file": "cypress\\e2e\\1-Automation_Exercise\\test10_verifySubscriptionHomePage.cy.js",
      "beforeHooks": [],
      "afterHooks": [],
      "tests": [],
      "suites": [
        {
          "uuid": "6597ccb1-4e35-47dd-8a8c-a1e870936443",
          "title": "Verify Subscription in Home Page",
          "fullFile": "",
          "file": "",
          "beforeHooks": [],
          "afterHooks": [],
          "tests": [
            {
              "title": "verify subscription in home page",
              "fullTitle": "Verify Subscription in Home Page verify subscription in home page",
              "timedOut": null,
              "duration": 11932,
              "state": "passed",
              "speed": "slow",
              "pass": true,
              "fail": false,
              "pending": false,
              "context": null,
              "code": "cy.anasayfa();\ncy.homePageİsVisible();\ncy.get('.single-widget > h2').scrollIntoView();\ncy.get('.single-widget > h2').should('be.visible', 'SUBSCRIPTION');\ncy.get('#susbscribe_email').type(validEmail);\ncy.get('#subscribe').click();\ncy.get('.alert-success').should('have.text', 'You have been successfully subscribed!');",
              "err": {},
              "uuid": "b2b5b9a7-37b1-46a3-a511-ad9408c12729",
              "parentUUID": "6597ccb1-4e35-47dd-8a8c-a1e870936443",
              "isHook": false,
              "skipped": false
            }
          ],
          "suites": [],
          "passes": [
            "b2b5b9a7-37b1-46a3-a511-ad9408c12729"
          ],
          "failures": [],
          "pending": [],
          "skipped": [],
          "duration": 11932,
          "root": false,
          "rootEmpty": false,
          "_timeout": 2000
        }
      ],
      "passes": [],
      "failures": [],
      "pending": [],
      "skipped": [],
      "duration": 0,
      "root": true,
      "rootEmpty": true,
      "_timeout": 2000
    }
  ],
  "meta": {
    "mocha": {
      "version": "7.0.1"
    },
    "mochawesome": {
      "options": {
        "quiet": false,
        "reportFilename": "report",
        "saveHtml": true,
        "saveJson": true,
        "consoleReporter": "spec",
        "useInlineDiffs": false,
        "code": true
      },
      "version": "7.1.3"
    },
    "marge": {
      "options": {
        "reportDir": "cypress/reports",
        "reportFilename": "report",
        "overwrite": false,
        "html": true,
        "json": true,
        "charts": true
      },
      "version": "6.2.0"
    }
  }
}