{
  "stats": {
    "suites": 1,
    "tests": 1,
    "passes": 1,
    "pending": 0,
    "failures": 0,
    "start": "2022-11-28T16:04:17.796Z",
    "end": "2022-11-28T16:04:42.865Z",
    "duration": 25069,
    "testsRegistered": 1,
    "passPercent": 100,
    "pendingPercent": 0,
    "other": 0,
    "hasOther": false,
    "skipped": 0,
    "hasSkipped": false
  },
  "results": [
    {
      "uuid": "2b37a6b8-0d2e-409e-9b3d-a15e60f8f1d3",
      "title": "",
      "fullFile": "cypress\\e2e\\1-Automation_Exercise\\test21_addReviewOnProduct.cy.js",
      "file": "cypress\\e2e\\1-Automation_Exercise\\test21_addReviewOnProduct.cy.js",
      "beforeHooks": [],
      "afterHooks": [],
      "tests": [],
      "suites": [
        {
          "uuid": "2ca72d97-c0f2-4153-b59f-8e28b32df298",
          "title": "Add review on product",
          "fullFile": "",
          "file": "",
          "beforeHooks": [],
          "afterHooks": [],
          "tests": [
            {
              "title": "add review on product",
              "fullTitle": "Add review on product add review on product",
              "timedOut": null,
              "duration": 19812,
              "state": "passed",
              "speed": "slow",
              "pass": true,
              "fail": false,
              "pending": false,
              "context": null,
              "code": "cy.anasayfa();\ncy.get('.shop-menu > .nav > :nth-child(2) > a').click();\ncy.url().should('include', 'products');\ncy.url().should('include', 'products');\ncy.get(':nth-child(3) > .product-image-wrapper > .choose > .nav > li > a').click();\ncy.get('.active > a').should('have.text', 'Write Your Review');\ncy.get('#name').type('Zetta');\ncy.get('#email').type('Zetta123@gmail.com');\ncy.get('#review').type('Thanks');\ncy.get('#button-review').click();\ncy.get('.col-md-12 > .alert-success').should('include.text', 'Thank you for your review.');",
              "err": {},
              "uuid": "755218d0-6046-40d8-a6de-dbdb0793df3f",
              "parentUUID": "2ca72d97-c0f2-4153-b59f-8e28b32df298",
              "isHook": false,
              "skipped": false
            }
          ],
          "suites": [],
          "passes": [
            "755218d0-6046-40d8-a6de-dbdb0793df3f"
          ],
          "failures": [],
          "pending": [],
          "skipped": [],
          "duration": 19812,
          "root": false,
          "rootEmpty": false,
          "_timeout": 2000
        }
      ],
      "passes": [],
      "failures": [],
      "pending": [],
      "skipped": [],
      "duration": 0,
      "root": true,
      "rootEmpty": true,
      "_timeout": 2000
    }
  ],
  "meta": {
    "mocha": {
      "version": "7.0.1"
    },
    "mochawesome": {
      "options": {
        "quiet": false,
        "reportFilename": "report",
        "saveHtml": true,
        "saveJson": true,
        "consoleReporter": "spec",
        "useInlineDiffs": false,
        "code": true
      },
      "version": "7.1.3"
    },
    "marge": {
      "options": {
        "reportDir": "cypress/reports",
        "reportFilename": "report",
        "overwrite": false,
        "html": true,
        "json": true,
        "charts": true
      },
      "version": "6.2.0"
    }
  }
}