{
  "stats": {
    "suites": 1,
    "tests": 1,
    "passes": 0,
    "pending": 0,
    "failures": 1,
    "start": "2022-11-28T15:57:13.199Z",
    "end": "2022-11-28T15:57:42.843Z",
    "duration": 29644,
    "testsRegistered": 1,
    "passPercent": 0,
    "pendingPercent": 0,
    "other": 0,
    "hasOther": false,
    "skipped": 0,
    "hasSkipped": false
  },
  "results": [
    {
      "uuid": "c4026794-42fe-4bfa-b5e8-21100efbc2cf",
      "title": "",
      "fullFile": "cypress\\e2e\\1-Automation_Exercise\\test09_searchProduct.cy.js",
      "file": "cypress\\e2e\\1-Automation_Exercise\\test09_searchProduct.cy.js",
      "beforeHooks": [],
      "afterHooks": [],
      "tests": [],
      "suites": [
        {
          "uuid": "eb9e7412-bb2f-4b0a-80cb-8445521ac86d",
          "title": "Search Products",
          "fullFile": "",
          "file": "",
          "beforeHooks": [],
          "afterHooks": [],
          "tests": [
            {
              "title": "search products",
              "fullTitle": "Search Products search products",
              "timedOut": null,
              "duration": 24036,
              "state": "failed",
              "speed": null,
              "pass": false,
              "fail": true,
              "pending": false,
              "context": null,
              "code": "cy.anasayfa();\ncy.homePageİsVisible();\ncy.contains('Products').click();\ncy.get('.title').should('be.visible');\ncy.get('#search_product').type('Blue');\ncy.get('#submit_search').click();\ncy.get('.title').should('be.visible');\ncy.get('.productinfo > p').should('have.text', 'Blue');\ncy.get('.features_items').should('be.visible');",
              "err": {
                "message": "AssertionError: Timed out retrying after 4000ms: expected '[ <p>, 6 more... ]' to have text 'Blue', but the text was 'Blue TopSleeves Top and Short - Blue & PinkBlue Cotton Indie Mickey DressColour Blocked Shirt – Sky BlueGrunt Blue Slim Fit JeansBeautiful Peacock Blue Cotton Linen SareeGRAPHIC DESIGN MEN T SHIRT - BLUE'",
                "estack": "AssertionError: Timed out retrying after 4000ms: expected '[ <p>, 6 more... ]' to have text 'Blue', but the text was 'Blue TopSleeves Top and Short - Blue & PinkBlue Cotton Indie Mickey DressColour Blocked Shirt – Sky BlueGrunt Blue Slim Fit JeansBeautiful Peacock Blue Cotton Linen SareeGRAPHIC DESIGN MEN T SHIRT - BLUE'\n    at Context.eval (webpack:///./cypress/e2e/1-Automation_Exercise/test09_searchProduct.cy.js:10:35)",
                "diff": "- 'Blue TopSleeves Top and Short - Blue & PinkBlue Cotton Indie Mickey DressColour Blocked Shirt – Sky BlueGrunt Blue Slim Fit JeansBeautiful Peacock Blue Cotton Linen SareeGRAPHIC DESIGN MEN T SHIRT - BLUE'\n+ 'Blue'\n"
              },
              "uuid": "7337a863-714f-4161-aa09-804081b9b99a",
              "parentUUID": "eb9e7412-bb2f-4b0a-80cb-8445521ac86d",
              "isHook": false,
              "skipped": false
            }
          ],
          "suites": [],
          "passes": [],
          "failures": [
            "7337a863-714f-4161-aa09-804081b9b99a"
          ],
          "pending": [],
          "skipped": [],
          "duration": 24036,
          "root": false,
          "rootEmpty": false,
          "_timeout": 2000
        }
      ],
      "passes": [],
      "failures": [],
      "pending": [],
      "skipped": [],
      "duration": 0,
      "root": true,
      "rootEmpty": true,
      "_timeout": 2000
    }
  ],
  "meta": {
    "mocha": {
      "version": "7.0.1"
    },
    "mochawesome": {
      "options": {
        "quiet": false,
        "reportFilename": "report",
        "saveHtml": true,
        "saveJson": true,
        "consoleReporter": "spec",
        "useInlineDiffs": false,
        "code": true
      },
      "version": "7.1.3"
    },
    "marge": {
      "options": {
        "reportDir": "cypress/reports",
        "reportFilename": "report",
        "overwrite": false,
        "html": true,
        "json": true,
        "charts": true
      },
      "version": "6.2.0"
    }
  }
}