{
  "stats": {
    "suites": 1,
    "tests": 1,
    "passes": 1,
    "pending": 0,
    "failures": 0,
    "start": "2022-11-28T15:52:46.279Z",
    "end": "2022-11-28T15:53:27.658Z",
    "duration": 41379,
    "testsRegistered": 1,
    "passPercent": 100,
    "pendingPercent": 0,
    "other": 0,
    "hasOther": false,
    "skipped": 0,
    "hasSkipped": false
  },
  "results": [
    {
      "uuid": "a98952de-81ff-4381-8bc9-b1db201e2e2b",
      "title": "",
      "fullFile": "cypress\\e2e\\1-Automation_Exercise\\test01_Register.cy.js",
      "file": "cypress\\e2e\\1-Automation_Exercise\\test01_Register.cy.js",
      "beforeHooks": [],
      "afterHooks": [],
      "tests": [],
      "suites": [
        {
          "uuid": "7f034e89-13e3-4290-a5f2-25589557a0ac",
          "title": "Register",
          "fullFile": "",
          "file": "",
          "beforeHooks": [],
          "afterHooks": [],
          "tests": [
            {
              "title": "Test Case 01",
              "fullTitle": "Register Test Case 01",
              "timedOut": null,
              "duration": 32857,
              "state": "passed",
              "speed": "slow",
              "pass": true,
              "fail": false,
              "pending": false,
              "context": null,
              "code": "cy.anasayfa();\ncy.homePageİsVisible();\ncy.get('.shop-menu > .nav > :nth-child(4) > a').click(); // support/command.js\ncy.register();",
              "err": {},
              "uuid": "6c603aae-735b-4029-a20f-aebab78afd06",
              "parentUUID": "7f034e89-13e3-4290-a5f2-25589557a0ac",
              "isHook": false,
              "skipped": false
            }
          ],
          "suites": [],
          "passes": [
            "6c603aae-735b-4029-a20f-aebab78afd06"
          ],
          "failures": [],
          "pending": [],
          "skipped": [],
          "duration": 32857,
          "root": false,
          "rootEmpty": false,
          "_timeout": 2000
        }
      ],
      "passes": [],
      "failures": [],
      "pending": [],
      "skipped": [],
      "duration": 0,
      "root": true,
      "rootEmpty": true,
      "_timeout": 2000
    }
  ],
  "meta": {
    "mocha": {
      "version": "7.0.1"
    },
    "mochawesome": {
      "options": {
        "quiet": false,
        "reportFilename": "report",
        "saveHtml": true,
        "saveJson": true,
        "consoleReporter": "spec",
        "useInlineDiffs": false,
        "code": true
      },
      "version": "7.1.3"
    },
    "marge": {
      "options": {
        "reportDir": "cypress/reports",
        "reportFilename": "report",
        "overwrite": false,
        "html": true,
        "json": true,
        "charts": true
      },
      "version": "6.2.0"
    }
  }
}