{
  "stats": {
    "suites": 1,
    "tests": 1,
    "passes": 1,
    "pending": 0,
    "failures": 0,
    "start": "2022-11-28T15:56:18.587Z",
    "end": "2022-11-28T15:56:37.896Z",
    "duration": 19309,
    "testsRegistered": 1,
    "passPercent": 100,
    "pendingPercent": 0,
    "other": 0,
    "hasOther": false,
    "skipped": 0,
    "hasSkipped": false
  },
  "results": [
    {
      "uuid": "f4945b5b-e49b-4280-88b8-a24c0faa7866",
      "title": "",
      "fullFile": "cypress\\e2e\\1-Automation_Exercise\\test07_verifyTestCasesPage.cy.js",
      "file": "cypress\\e2e\\1-Automation_Exercise\\test07_verifyTestCasesPage.cy.js",
      "beforeHooks": [],
      "afterHooks": [],
      "tests": [],
      "suites": [
        {
          "uuid": "cc3b0959-bf88-468e-9aa0-9bde90435f7c",
          "title": "Verify Test Cases Page",
          "fullFile": "",
          "file": "",
          "beforeHooks": [],
          "afterHooks": [],
          "tests": [
            {
              "title": "verify test cases page",
              "fullTitle": "Verify Test Cases Page verify test cases page",
              "timedOut": null,
              "duration": 12445,
              "state": "passed",
              "speed": "slow",
              "pass": true,
              "fail": false,
              "pending": false,
              "context": null,
              "code": "cy.anasayfa();\ncy.homePageİsVisible();\ncy.contains('Test Cases').click();\ncy.get('b').should('be.visible');",
              "err": {},
              "uuid": "5ba79fc7-2553-46f2-adbc-223946a71649",
              "parentUUID": "cc3b0959-bf88-468e-9aa0-9bde90435f7c",
              "isHook": false,
              "skipped": false
            }
          ],
          "suites": [],
          "passes": [
            "5ba79fc7-2553-46f2-adbc-223946a71649"
          ],
          "failures": [],
          "pending": [],
          "skipped": [],
          "duration": 12445,
          "root": false,
          "rootEmpty": false,
          "_timeout": 2000
        }
      ],
      "passes": [],
      "failures": [],
      "pending": [],
      "skipped": [],
      "duration": 0,
      "root": true,
      "rootEmpty": true,
      "_timeout": 2000
    }
  ],
  "meta": {
    "mocha": {
      "version": "7.0.1"
    },
    "mochawesome": {
      "options": {
        "quiet": false,
        "reportFilename": "report",
        "saveHtml": true,
        "saveJson": true,
        "consoleReporter": "spec",
        "useInlineDiffs": false,
        "code": true
      },
      "version": "7.1.3"
    },
    "marge": {
      "options": {
        "reportDir": "cypress/reports",
        "reportFilename": "report",
        "overwrite": false,
        "html": true,
        "json": true,
        "charts": true
      },
      "version": "6.2.0"
    }
  }
}