{
  "stats": {
    "suites": 1,
    "tests": 1,
    "passes": 1,
    "pending": 0,
    "failures": 0,
    "start": "2022-11-28T16:05:58.901Z",
    "end": "2022-11-28T16:06:55.070Z",
    "duration": 56169,
    "testsRegistered": 1,
    "passPercent": 100,
    "pendingPercent": 0,
    "other": 0,
    "hasOther": false,
    "skipped": 0,
    "hasSkipped": false
  },
  "results": [
    {
      "uuid": "76a79361-fa9f-49f8-8895-a3aff4d433dd",
      "title": "",
      "fullFile": "cypress\\e2e\\1-Automation_Exercise\\test24_downloadInvoiceAfterPurchaseOrder.cy.js",
      "file": "cypress\\e2e\\1-Automation_Exercise\\test24_downloadInvoiceAfterPurchaseOrder.cy.js",
      "beforeHooks": [],
      "afterHooks": [],
      "tests": [],
      "suites": [
        {
          "uuid": "191ba27a-fa0e-453b-9b4a-fce95a99a63c",
          "title": "Download Invoice after purchase order",
          "fullFile": "",
          "file": "",
          "beforeHooks": [],
          "afterHooks": [],
          "tests": [
            {
              "title": "download Invoice after purchase order",
              "fullTitle": "Download Invoice after purchase order download Invoice after purchase order",
              "timedOut": null,
              "duration": 50868,
              "state": "passed",
              "speed": "slow",
              "pass": true,
              "fail": false,
              "pending": false,
              "context": null,
              "code": "cy.anasayfa();\ncy.homePageİsVisible();\ncy.get('.features_items > :nth-child(3) > .product-image-wrapper').scrollIntoView();\ncy.get('.features_items > :nth-child(3) > .product-image-wrapper').trigger('mouseover');\ncy.contains('Add to cart').click();\ncy.get('u').click();\ncy.get('.active').should('have.text', 'Shopping Cart');\ncy.get('.col-sm-6 > .btn').click();\ncy.register();\ncy.contains('Cart').click();\ncy.get('.col-sm-6 > .btn').click();\ncy.get('#address_delivery').should('include.text', 'yilmaz');\ncy.get('#address_invoice').should('include.text', 'yilmaz');\ncy.get('.form-control').type('Hello World');\ncy.get(':nth-child(7) > .btn').click();\ncy.get(':nth-child(2) > .col-sm-12 > .form-control').type('yilmaz');\ncy.get(':nth-child(3) > .col-sm-12 > .form-control').type('1111-2222-3333-4444');\ncy.get('.cvc > .form-control').clear().type('444');\ncy.get(':nth-child(2) > .form-control').type('12');\ncy.get(':nth-child(3) > .form-control').type('2026');\ncy.get('#submit').click(); // cy.get('#success_message > .alert-success').should('include.text','Your order has been placed successfully!')",
              "err": {},
              "uuid": "6f5b14d2-d497-4cd2-9f8e-75ff096835b5",
              "parentUUID": "191ba27a-fa0e-453b-9b4a-fce95a99a63c",
              "isHook": false,
              "skipped": false
            }
          ],
          "suites": [],
          "passes": [
            "6f5b14d2-d497-4cd2-9f8e-75ff096835b5"
          ],
          "failures": [],
          "pending": [],
          "skipped": [],
          "duration": 50868,
          "root": false,
          "rootEmpty": false,
          "_timeout": 2000
        }
      ],
      "passes": [],
      "failures": [],
      "pending": [],
      "skipped": [],
      "duration": 0,
      "root": true,
      "rootEmpty": true,
      "_timeout": 2000
    }
  ],
  "meta": {
    "mocha": {
      "version": "7.0.1"
    },
    "mochawesome": {
      "options": {
        "quiet": false,
        "reportFilename": "report",
        "saveHtml": true,
        "saveJson": true,
        "consoleReporter": "spec",
        "useInlineDiffs": false,
        "code": true
      },
      "version": "7.1.3"
    },
    "marge": {
      "options": {
        "reportDir": "cypress/reports",
        "reportFilename": "report",
        "overwrite": false,
        "html": true,
        "json": true,
        "charts": true
      },
      "version": "6.2.0"
    }
  }
}