{
  "stats": {
    "suites": 1,
    "tests": 1,
    "passes": 1,
    "pending": 0,
    "failures": 0,
    "start": "2022-11-28T16:02:35.803Z",
    "end": "2022-11-28T16:02:56.959Z",
    "duration": 21156,
    "testsRegistered": 1,
    "passPercent": 100,
    "pendingPercent": 0,
    "other": 0,
    "hasOther": false,
    "skipped": 0,
    "hasSkipped": false
  },
  "results": [
    {
      "uuid": "7761b856-661e-4a54-9ffc-be760d8c64cd",
      "title": "",
      "fullFile": "cypress\\e2e\\1-Automation_Exercise\\test18_viewCategoryProducts.cy.js",
      "file": "cypress\\e2e\\1-Automation_Exercise\\test18_viewCategoryProducts.cy.js",
      "beforeHooks": [],
      "afterHooks": [],
      "tests": [],
      "suites": [
        {
          "uuid": "b1cfb52d-f427-49f6-a1c9-22457d6fa685",
          "title": "View Category Products",
          "fullFile": "",
          "file": "",
          "beforeHooks": [],
          "afterHooks": [],
          "tests": [
            {
              "title": "view category products",
              "fullTitle": "View Category Products view category products",
              "timedOut": null,
              "duration": 15907,
              "state": "passed",
              "speed": "slow",
              "pass": true,
              "fail": false,
              "pending": false,
              "context": null,
              "code": "cy.anasayfa();\ncy.get('.left-sidebar > :nth-child(1)').should('be.visible');\ncy.get(':nth-child(1) > .panel-heading > .panel-title > a').click();\ncy.get('#Women > .panel-body > ul > :nth-child(1) > a').click();\ncy.get('.title').should('have.text', 'Women - Dress Products');\ncy.get(':nth-child(2) > .panel-heading > .panel-title > a').click();\ncy.get('#Men > .panel-body > ul > :nth-child(1) > a').click();\ncy.get('.title').should('have.text', 'Men - Tshirts Products');",
              "err": {},
              "uuid": "6db65b6d-5eb6-41c9-a6b0-46a546387d6a",
              "parentUUID": "b1cfb52d-f427-49f6-a1c9-22457d6fa685",
              "isHook": false,
              "skipped": false
            }
          ],
          "suites": [],
          "passes": [
            "6db65b6d-5eb6-41c9-a6b0-46a546387d6a"
          ],
          "failures": [],
          "pending": [],
          "skipped": [],
          "duration": 15907,
          "root": false,
          "rootEmpty": false,
          "_timeout": 2000
        }
      ],
      "passes": [],
      "failures": [],
      "pending": [],
      "skipped": [],
      "duration": 0,
      "root": true,
      "rootEmpty": true,
      "_timeout": 2000
    }
  ],
  "meta": {
    "mocha": {
      "version": "7.0.1"
    },
    "mochawesome": {
      "options": {
        "quiet": false,
        "reportFilename": "report",
        "saveHtml": true,
        "saveJson": true,
        "consoleReporter": "spec",
        "useInlineDiffs": false,
        "code": true
      },
      "version": "7.1.3"
    },
    "marge": {
      "options": {
        "reportDir": "cypress/reports",
        "reportFilename": "report",
        "overwrite": false,
        "html": true,
        "json": true,
        "charts": true
      },
      "version": "6.2.0"
    }
  }
}