{
  "stats": {
    "suites": 1,
    "tests": 1,
    "passes": 1,
    "pending": 0,
    "failures": 0,
    "start": "2022-11-28T16:03:00.946Z",
    "end": "2022-11-28T16:03:26.181Z",
    "duration": 25235,
    "testsRegistered": 1,
    "passPercent": 100,
    "pendingPercent": 0,
    "other": 0,
    "hasOther": false,
    "skipped": 0,
    "hasSkipped": false
  },
  "results": [
    {
      "uuid": "035cfda0-bde6-4619-b26f-e97259a30529",
      "title": "",
      "fullFile": "cypress\\e2e\\1-Automation_Exercise\\test19_view&CartBrandProducts.cy.js",
      "file": "cypress\\e2e\\1-Automation_Exercise\\test19_view&CartBrandProducts.cy.js",
      "beforeHooks": [],
      "afterHooks": [],
      "tests": [],
      "suites": [
        {
          "uuid": "743f0dca-011d-459d-9068-adb2d89e76ce",
          "title": "View & Cart Brand Products",
          "fullFile": "",
          "file": "",
          "beforeHooks": [],
          "afterHooks": [],
          "tests": [
            {
              "title": "view & cart brand products",
              "fullTitle": "View & Cart Brand Products view & cart brand products",
              "timedOut": null,
              "duration": 20137,
              "state": "passed",
              "speed": "slow",
              "pass": true,
              "fail": false,
              "pending": false,
              "context": null,
              "code": "cy.anasayfa();\ncy.get('.shop-menu > .nav > :nth-child(2) > a').click();\ncy.get('.brands_products > h2').should('include.text', 'Brands');\ncy.get('.brands-name > .nav > :nth-child(1) > a').click();\ncy.url().should('include', 'Polo');\ncy.get('.title').should('have.text', 'Brand - Polo Products');\ncy.get('.brands-name > .nav > :nth-child(3) > a').click();\ncy.url().should('include', 'Madame');\ncy.get('.title').should('have.text', 'Brand - Madame Products');",
              "err": {},
              "uuid": "e7cb99ed-dd4e-4892-9158-832f88497d81",
              "parentUUID": "743f0dca-011d-459d-9068-adb2d89e76ce",
              "isHook": false,
              "skipped": false
            }
          ],
          "suites": [],
          "passes": [
            "e7cb99ed-dd4e-4892-9158-832f88497d81"
          ],
          "failures": [],
          "pending": [],
          "skipped": [],
          "duration": 20137,
          "root": false,
          "rootEmpty": false,
          "_timeout": 2000
        }
      ],
      "passes": [],
      "failures": [],
      "pending": [],
      "skipped": [],
      "duration": 0,
      "root": true,
      "rootEmpty": true,
      "_timeout": 2000
    }
  ],
  "meta": {
    "mocha": {
      "version": "7.0.1"
    },
    "mochawesome": {
      "options": {
        "quiet": false,
        "reportFilename": "report",
        "saveHtml": true,
        "saveJson": true,
        "consoleReporter": "spec",
        "useInlineDiffs": false,
        "code": true
      },
      "version": "7.1.3"
    },
    "marge": {
      "options": {
        "reportDir": "cypress/reports",
        "reportFilename": "report",
        "overwrite": false,
        "html": true,
        "json": true,
        "charts": true
      },
      "version": "6.2.0"
    }
  }
}