{
  "stats": {
    "suites": 1,
    "tests": 1,
    "passes": 1,
    "pending": 0,
    "failures": 0,
    "start": "2022-11-28T15:55:48.222Z",
    "end": "2022-11-28T15:56:14.399Z",
    "duration": 26177,
    "testsRegistered": 1,
    "passPercent": 100,
    "pendingPercent": 0,
    "other": 0,
    "hasOther": false,
    "skipped": 0,
    "hasSkipped": false
  },
  "results": [
    {
      "uuid": "f272da64-6ce7-49dd-beea-71d09d0755c3",
      "title": "",
      "fullFile": "cypress\\e2e\\1-Automation_Exercise\\test06_contactUsForm.cy.js",
      "file": "cypress\\e2e\\1-Automation_Exercise\\test06_contactUsForm.cy.js",
      "beforeHooks": [],
      "afterHooks": [],
      "tests": [],
      "suites": [
        {
          "uuid": "172053bd-dd57-4cfb-be7b-9c344862379d",
          "title": "Contact Us Form",
          "fullFile": "",
          "file": "",
          "beforeHooks": [],
          "afterHooks": [],
          "tests": [
            {
              "title": "contact us form",
              "fullTitle": "Contact Us Form contact us form",
              "timedOut": null,
              "duration": 20651,
              "state": "passed",
              "speed": "slow",
              "pass": true,
              "fail": false,
              "pending": false,
              "context": null,
              "code": "cy.anasayfa();\ncy.homePageİsVisible();\ncy.contains('Contact us').click();\ncy.get('div.contact-form > .title').should('be.visible');\ncy.get(':nth-child(2) > .form-control').type('Zetta');\ncy.get(':nth-child(3) > .form-control').type(validEmail);\ncy.get(':nth-child(4) > .form-control').type('Cypress');\ncy.get(':nth-child(5) > .form-control').type('Cypress 10 numara');\ncy.get(':nth-child(6) > .form-control').attachFile('img01.jpg');\ncy.get(':nth-child(7) > .btn').click();\ncy.get('.status').should('have.text', 'Success! Your details have been submitted successfully.');\ncy.get('span').click();\ncy.homePageİsVisible();",
              "err": {},
              "uuid": "08757549-4598-410c-bbc7-f0d004256d3f",
              "parentUUID": "172053bd-dd57-4cfb-be7b-9c344862379d",
              "isHook": false,
              "skipped": false
            }
          ],
          "suites": [],
          "passes": [
            "08757549-4598-410c-bbc7-f0d004256d3f"
          ],
          "failures": [],
          "pending": [],
          "skipped": [],
          "duration": 20651,
          "root": false,
          "rootEmpty": false,
          "_timeout": 2000
        }
      ],
      "passes": [],
      "failures": [],
      "pending": [],
      "skipped": [],
      "duration": 0,
      "root": true,
      "rootEmpty": true,
      "_timeout": 2000
    }
  ],
  "meta": {
    "mocha": {
      "version": "7.0.1"
    },
    "mochawesome": {
      "options": {
        "quiet": false,
        "reportFilename": "report",
        "saveHtml": true,
        "saveJson": true,
        "consoleReporter": "spec",
        "useInlineDiffs": false,
        "code": true
      },
      "version": "7.1.3"
    },
    "marge": {
      "options": {
        "reportDir": "cypress/reports",
        "reportFilename": "report",
        "overwrite": false,
        "html": true,
        "json": true,
        "charts": true
      },
      "version": "6.2.0"
    }
  }
}